Netgen 1.5.278 compiled on Sun Sep 29 13:25:00 UTC 2024
Warning: netgen command 'format' use fully-qualified name '::netgen::format'
Warning: netgen command 'global' use fully-qualified name '::netgen::global'
Warning:  A case-insensitive file has been read and so the	verilog file must be treated case-insensitive to match.
Reading SPICE netlist file '/Users/administrator/.ciel/ciel/sky130/versions/823ec23c421cfb1d6aec06b8140cbde11cbc95a0/sky130A/libs.ref/sky130_fd_sc_hd/spice/sky130_ef_sc_hd__decap_12.spice'...
Call to undefined subcircuit sky130_fd_pr__pfet_01v8_hvt
Creating placeholder cell definition.
Call to undefined subcircuit sky130_fd_pr__nfet_01v8
Creating placeholder cell definition.
Reading SPICE netlist file '/Users/administrator/.ciel/ciel/sky130/versions/823ec23c421cfb1d6aec06b8140cbde11cbc95a0/sky130A/libs.ref/sky130_fd_sc_hd/spice/sky130_ef_sc_hd__decap_20_12.spice'...
Reading SPICE netlist file '/Users/administrator/.ciel/ciel/sky130/versions/823ec23c421cfb1d6aec06b8140cbde11cbc95a0/sky130A/libs.ref/sky130_fd_sc_hd/spice/sky130_ef_sc_hd__decap_40_12.spice'...
Reading SPICE netlist file '/Users/administrator/.ciel/ciel/sky130/versions/823ec23c421cfb1d6aec06b8140cbde11cbc95a0/sky130A/libs.ref/sky130_fd_sc_hd/spice/sky130_ef_sc_hd__decap_60_12.spice'...
Reading SPICE netlist file '/Users/administrator/.ciel/ciel/sky130/versions/823ec23c421cfb1d6aec06b8140cbde11cbc95a0/sky130A/libs.ref/sky130_fd_sc_hd/spice/sky130_ef_sc_hd__decap_80_12.spice'...
Reading SPICE netlist file '/Users/administrator/.ciel/ciel/sky130/versions/823ec23c421cfb1d6aec06b8140cbde11cbc95a0/sky130A/libs.ref/sky130_fd_sc_hd/spice/sky130_ef_sc_hd__fill_12.spice'...
Reading SPICE netlist file '/Users/administrator/.ciel/ciel/sky130/versions/823ec23c421cfb1d6aec06b8140cbde11cbc95a0/sky130A/libs.ref/sky130_fd_sc_hd/spice/sky130_ef_sc_hd__fill_2.spice'...
Reading SPICE netlist file '/Users/administrator/.ciel/ciel/sky130/versions/823ec23c421cfb1d6aec06b8140cbde11cbc95a0/sky130A/libs.ref/sky130_fd_sc_hd/spice/sky130_ef_sc_hd__fill_4.spice'...
Reading SPICE netlist file '/Users/administrator/.ciel/ciel/sky130/versions/823ec23c421cfb1d6aec06b8140cbde11cbc95a0/sky130A/libs.ref/sky130_fd_sc_hd/spice/sky130_ef_sc_hd__fill_8.spice'...
Reading SPICE netlist file '/Users/administrator/.ciel/ciel/sky130/versions/823ec23c421cfb1d6aec06b8140cbde11cbc95a0/sky130A/libs.ref/sky130_fd_sc_hd/spice/sky130_fd_sc_hd.spice'...
Call to undefined subcircuit sky130_fd_pr__res_generic_po
Creating placeholder cell definition.
Call to undefined subcircuit sky130_fd_pr__special_nfet_01v8
Creating placeholder cell definition.
Call to undefined subcircuit sky130_fd_pr__diode_pw2nd_05v5
Creating placeholder cell definition.
Call to undefined subcircuit sky130_fd_pr__special_pfet_01v8_hvt
Creating placeholder cell definition.
Call to undefined subcircuit sky130_fd_sc_hd__nand2_2
Creating placeholder cell definition.
Call to undefined subcircuit sky130_fd_sc_hd__nor2_2
Creating placeholder cell definition.
Warning:  A case-insensitive file has been read and so the	verilog file must be treated case-insensitive to match.
Note:  Implicit pin LO in instance vccd1_tie_high_2 of sky130_fd_sc_hd__conb_1 in cell vccd1_tie_high
Note:  Implicit pin LO in instance vccd1_tie_high_3 of sky130_fd_sc_hd__conb_1 in cell vccd1_tie_high
Note:  Implicit pin LO in instance vccd1_tie_high_4 of sky130_fd_sc_hd__conb_1 in cell vccd1_tie_high
Note:  Implicit pin LO in instance vccd1_tie_high_5 of sky130_fd_sc_hd__conb_1 in cell vccd1_tie_high
Note:  Implicit pin LO in instance vccd1_tie_high_6 of sky130_fd_sc_hd__conb_1 in cell vccd1_tie_high
Note:  Implicit pin LO in instance vccd1_tie_high_7 of sky130_fd_sc_hd__conb_1 in cell vccd1_tie_high
Note:  Implicit pin LO in instance vccd1_tie_high_8 of sky130_fd_sc_hd__conb_1 in cell vccd1_tie_high
Note:  Implicit pin LO in instance vccd1_tie_high_9 of sky130_fd_sc_hd__conb_1 in cell vccd1_tie_high
Note:  Implicit pin LO in instance vccd1_tie_high_10 of sky130_fd_sc_hd__conb_1 in cell vccd1_tie_high
Note:  Implicit pin LO in instance vccd1_tie_high_11 of sky130_fd_sc_hd__conb_1 in cell vccd1_tie_high
Note:  Implicit pin LO in instance vccd1_tie_high_12 of sky130_fd_sc_hd__conb_1 in cell vccd1_tie_high
Note:  Implicit pin LO in instance vccd1_tie_high_13 of sky130_fd_sc_hd__conb_1 in cell vccd1_tie_high
Note:  Implicit pin LO in instance vccd1_tie_high_14 of sky130_fd_sc_hd__conb_1 in cell vccd1_tie_high
Note:  Implicit pin LO in instance vccd1_tie_high_15 of sky130_fd_sc_hd__conb_1 in cell vccd1_tie_high
Note:  Implicit pin LO in instance vccd1_tie_high_16 of sky130_fd_sc_hd__conb_1 in cell vccd1_tie_high
Note:  Implicit pin LO in instance vccd1_tie_high_17 of sky130_fd_sc_hd__conb_1 in cell vccd1_tie_high
Note:  Implicit pin LO in instance vccd1_tie_high_18 of sky130_fd_sc_hd__conb_1 in cell vccd1_tie_high
Note:  Implicit pin LO in instance vccd1_tie_high_19 of sky130_fd_sc_hd__conb_1 in cell vccd1_tie_high
Note:  Implicit pin LO in instance vccd1_tie_high_20 of sky130_fd_sc_hd__conb_1 in cell vccd1_tie_high
Note:  Implicit pin LO in instance vccd1_tie_high_21 of sky130_fd_sc_hd__conb_1 in cell vccd1_tie_high
Note:  Implicit pin LO in instance vccd1_tie_high_22 of sky130_fd_sc_hd__conb_1 in cell vccd1_tie_high
Note:  Implicit pin LO in instance vccd1_tie_high_23 of sky130_fd_sc_hd__conb_1 in cell vccd1_tie_high
Note:  Implicit pin LO in instance vccd1_tie_high_24 of sky130_fd_sc_hd__conb_1 in cell vccd1_tie_high
Note:  Implicit pin LO in instance vccd1_tie_high_25 of sky130_fd_sc_hd__conb_1 in cell vccd1_tie_high
Note:  Implicit pin LO in instance vccd1_tie_high_26 of sky130_fd_sc_hd__conb_1 in cell vccd1_tie_high
Note:  Implicit pin LO in instance vccd1_tie_high_27 of sky130_fd_sc_hd__conb_1 in cell vccd1_tie_high
Note:  Implicit pin LO in instance vccd1_tie_high_28 of sky130_fd_sc_hd__conb_1 in cell vccd1_tie_high
Note:  Implicit pin LO in instance vccd1_tie_high_29 of sky130_fd_sc_hd__conb_1 in cell vccd1_tie_high
Note:  Implicit pin LO in instance vccd1_tie_high_30 of sky130_fd_sc_hd__conb_1 in cell vccd1_tie_high
Note:  Implicit pin LO in instance vccd1_tie_high_31 of sky130_fd_sc_hd__conb_1 in cell vccd1_tie_high
Note:  Implicit pin LO in instance vccd1_tie_high_32 of sky130_fd_sc_hd__conb_1 in cell vccd1_tie_high
Note:  Implicit pin LO in instance vccd1_tie_high_33 of sky130_fd_sc_hd__conb_1 in cell vccd1_tie_high
Note:  Implicit pin LO in instance vccd1_tie_high_34 of sky130_fd_sc_hd__conb_1 in cell vccd1_tie_high
Note:  Implicit pin LO in instance vccd1_tie_high_35 of sky130_fd_sc_hd__conb_1 in cell vccd1_tie_high
Note:  Implicit pin LO in instance vccd1_tie_high_36 of sky130_fd_sc_hd__conb_1 in cell vccd1_tie_high
Note:  Implicit pin LO in instance vccd1_tie_high_37 of sky130_fd_sc_hd__conb_1 in cell vccd1_tie_high
Note:  Implicit pin LO in instance vccd1_tie_high_38 of sky130_fd_sc_hd__conb_1 in cell vccd1_tie_high
Note:  Implicit pin LO in instance vccd1_tie_high_39 of sky130_fd_sc_hd__conb_1 in cell vccd1_tie_high
Note:  Implicit pin LO in instance vccd1_tie_high_40 of sky130_fd_sc_hd__conb_1 in cell vccd1_tie_high
Note:  Implicit pin LO in instance vccd1_tie_high_41 of sky130_fd_sc_hd__conb_1 in cell vccd1_tie_high
Note:  Implicit pin LO in instance vccd1_tie_high_42 of sky130_fd_sc_hd__conb_1 in cell vccd1_tie_high
Note:  Implicit pin LO in instance vccd1_tie_high_43 of sky130_fd_sc_hd__conb_1 in cell vccd1_tie_high
Note:  Implicit pin LO in instance vccd1_tie_high_44 of sky130_fd_sc_hd__conb_1 in cell vccd1_tie_high
Note:  Implicit pin LO in instance vccd1_tie_high_45 of sky130_fd_sc_hd__conb_1 in cell vccd1_tie_high
Note:  Implicit pin LO in instance vccd1_tie_high_46 of sky130_fd_sc_hd__conb_1 in cell vccd1_tie_high
Note:  Implicit pin LO in instance vccd1_tie_high_47 of sky130_fd_sc_hd__conb_1 in cell vccd1_tie_high
Note:  Implicit pin LO in instance vccd1_tie_high_48 of sky130_fd_sc_hd__conb_1 in cell vccd1_tie_high
Note:  Implicit pin LO in instance vccd1_tie_high_49 of sky130_fd_sc_hd__conb_1 in cell vccd1_tie_high
Note:  Implicit pin LO in instance vccd1_tie_high_50 of sky130_fd_sc_hd__conb_1 in cell vccd1_tie_high
Note:  Implicit pin LO in instance vccd1_tie_high_51 of sky130_fd_sc_hd__conb_1 in cell vccd1_tie_high
Note:  Implicit pin LO in instance vccd1_tie_high_52 of sky130_fd_sc_hd__conb_1 in cell vccd1_tie_high
Note:  Implicit pin LO in instance vccd1_tie_high_53 of sky130_fd_sc_hd__conb_1 in cell vccd1_tie_high
Note:  Implicit pin LO in instance vccd1_tie_high_54 of sky130_fd_sc_hd__conb_1 in cell vccd1_tie_high
Note:  Implicit pin LO in instance vccd1_tie_high_55 of sky130_fd_sc_hd__conb_1 in cell vccd1_tie_high
Note:  Implicit pin LO in instance vccd1_tie_high_56 of sky130_fd_sc_hd__conb_1 in cell vccd1_tie_high
Note:  Implicit pin LO in instance vccd1_tie_high_57 of sky130_fd_sc_hd__conb_1 in cell vccd1_tie_high
Note:  Implicit pin LO in instance vccd1_tie_high_58 of sky130_fd_sc_hd__conb_1 in cell vccd1_tie_high
Note:  Implicit pin LO in instance vccd1_tie_high_59 of sky130_fd_sc_hd__conb_1 in cell vccd1_tie_high
Note:  Implicit pin LO in instance vccd1_tie_high_60 of sky130_fd_sc_hd__conb_1 in cell vccd1_tie_high
Note:  Implicit pin LO in instance vccd1_tie_high_61 of sky130_fd_sc_hd__conb_1 in cell vccd1_tie_high
Note:  Implicit pin LO in instance vccd1_tie_high_62 of sky130_fd_sc_hd__conb_1 in cell vccd1_tie_high
Note:  Implicit pin LO in instance vccd1_tie_high_63 of sky130_fd_sc_hd__conb_1 in cell vccd1_tie_high
Note:  Implicit pin LO in instance vccd1_tie_high_64 of sky130_fd_sc_hd__conb_1 in cell vccd1_tie_high
Note:  Implicit pin LO in instance vccd1_tie_high_65 of sky130_fd_sc_hd__conb_1 in cell vccd1_tie_high
Note:  Implicit pin LO in instance vccd1_tie_high_66 of sky130_fd_sc_hd__conb_1 in cell vccd1_tie_high
Note:  Implicit pin LO in instance vccd1_tie_high_67 of sky130_fd_sc_hd__conb_1 in cell vccd1_tie_high
Note:  Implicit pin LO in instance vccd1_tie_high_68 of sky130_fd_sc_hd__conb_1 in cell vccd1_tie_high
Note:  Implicit pin LO in instance vccd1_tie_high_69 of sky130_fd_sc_hd__conb_1 in cell vccd1_tie_high
Note:  Implicit pin LO in instance vccd1_tie_high_70 of sky130_fd_sc_hd__conb_1 in cell vccd1_tie_high
Note:  Implicit pin LO in instance vccd1_tie_high_71 of sky130_fd_sc_hd__conb_1 in cell vccd1_tie_high
Note:  Implicit pin LO in instance vccd1_tie_high_72 of sky130_fd_sc_hd__conb_1 in cell vccd1_tie_high
Note:  Implicit pin LO in instance vccd1_tie_high_73 of sky130_fd_sc_hd__conb_1 in cell vccd1_tie_high
Note:  Implicit pin LO in instance vccd1_tie_high_74 of sky130_fd_sc_hd__conb_1 in cell vccd1_tie_high
Note:  Implicit pin LO in instance vccd1_tie_high_75 of sky130_fd_sc_hd__conb_1 in cell vccd1_tie_high
Note:  Implicit pin LO in instance vccd1_tie_high_76 of sky130_fd_sc_hd__conb_1 in cell vccd1_tie_high
Note:  Implicit pin LO in instance vccd1_tie_high_77 of sky130_fd_sc_hd__conb_1 in cell vccd1_tie_high
Note:  Implicit pin LO in instance vccd1_tie_high_78 of sky130_fd_sc_hd__conb_1 in cell vccd1_tie_high
Note:  Implicit pin LO in instance vccd1_tie_high_79 of sky130_fd_sc_hd__conb_1 in cell vccd1_tie_high
Note:  Implicit pin LO in instance vccd1_tie_high_80 of sky130_fd_sc_hd__conb_1 in cell vccd1_tie_high
Note:  Implicit pin LO in instance vccd1_tie_high_81 of sky130_fd_sc_hd__conb_1 in cell vccd1_tie_high
Note:  Implicit pin LO in instance vccd1_tie_high_82 of sky130_fd_sc_hd__conb_1 in cell vccd1_tie_high
Note:  Implicit pin LO in instance vccd1_tie_high_83 of sky130_fd_sc_hd__conb_1 in cell vccd1_tie_high
Note:  Implicit pin LO in instance vccd1_tie_high_84 of sky130_fd_sc_hd__conb_1 in cell vccd1_tie_high
Note:  Implicit pin LO in instance vccd1_tie_high_85 of sky130_fd_sc_hd__conb_1 in cell vccd1_tie_high
Note:  Implicit pin LO in instance vccd1_tie_high_86 of sky130_fd_sc_hd__conb_1 in cell vccd1_tie_high
Note:  Implicit pin LO in instance vccd1_tie_high_87 of sky130_fd_sc_hd__conb_1 in cell vccd1_tie_high
Note:  Implicit pin LO in instance vccd1_tie_high_88 of sky130_fd_sc_hd__conb_1 in cell vccd1_tie_high
Note:  Implicit pin LO in instance vccd1_tie_high_89 of sky130_fd_sc_hd__conb_1 in cell vccd1_tie_high
Note:  Implicit pin LO in instance vccd1_tie_high_90 of sky130_fd_sc_hd__conb_1 in cell vccd1_tie_high
Note:  Implicit pin LO in instance vccd1_tie_high_91 of sky130_fd_sc_hd__conb_1 in cell vccd1_tie_high
Note:  Implicit pin LO in instance vccd1_tie_high_1 of sky130_fd_sc_hd__conb_1 in cell vccd1_tie_high
Treating empty subcircuits as black-box cells
Generating JSON file result

Reading setup file /nix/store/hfmj3j2792lkhqafawpmq78rddk53rwv-python3-3.11.9-env/lib/python3.11/site-packages/librelane/scripts/netgen/setup.tcl

Model sky130_fd_pr__res_generic_po pin 1 == 2
No property value found for device sky130_fd_pr__res_generic_po
No property mult found for device sky130_fd_pr__res_generic_po
Model sky130_fd_pr__nfet_01v8 pin 1 == 3
No property mult found for device sky130_fd_pr__nfet_01v8
No property sa found for device sky130_fd_pr__nfet_01v8
No property sb found for device sky130_fd_pr__nfet_01v8
No property sd found for device sky130_fd_pr__nfet_01v8
No property nf found for device sky130_fd_pr__nfet_01v8
No property nrd found for device sky130_fd_pr__nfet_01v8
No property nrs found for device sky130_fd_pr__nfet_01v8
No property area found for device sky130_fd_pr__nfet_01v8
No property perim found for device sky130_fd_pr__nfet_01v8
No property topography found for device sky130_fd_pr__nfet_01v8
Model sky130_fd_pr__pfet_01v8_hvt pin 1 == 3
No property mult found for device sky130_fd_pr__pfet_01v8_hvt
No property sa found for device sky130_fd_pr__pfet_01v8_hvt
No property sb found for device sky130_fd_pr__pfet_01v8_hvt
No property sd found for device sky130_fd_pr__pfet_01v8_hvt
No property nf found for device sky130_fd_pr__pfet_01v8_hvt
No property nrd found for device sky130_fd_pr__pfet_01v8_hvt
No property nrs found for device sky130_fd_pr__pfet_01v8_hvt
No property area found for device sky130_fd_pr__pfet_01v8_hvt
No property perim found for device sky130_fd_pr__pfet_01v8_hvt
No property topography found for device sky130_fd_pr__pfet_01v8_hvt
Model sky130_fd_pr__special_nfet_01v8 pin 1 == 3
No property as found for device sky130_fd_pr__special_nfet_01v8
No property ad found for device sky130_fd_pr__special_nfet_01v8
No property ps found for device sky130_fd_pr__special_nfet_01v8
No property pd found for device sky130_fd_pr__special_nfet_01v8
No property mult found for device sky130_fd_pr__special_nfet_01v8
No property sa found for device sky130_fd_pr__special_nfet_01v8
No property sb found for device sky130_fd_pr__special_nfet_01v8
No property sd found for device sky130_fd_pr__special_nfet_01v8
No property nf found for device sky130_fd_pr__special_nfet_01v8
No property nrd found for device sky130_fd_pr__special_nfet_01v8
No property nrs found for device sky130_fd_pr__special_nfet_01v8
No property area found for device sky130_fd_pr__special_nfet_01v8
No property perim found for device sky130_fd_pr__special_nfet_01v8
No property topography found for device sky130_fd_pr__special_nfet_01v8
Model sky130_fd_pr__special_pfet_01v8_hvt pin 1 == 3
No property as found for device sky130_fd_pr__special_pfet_01v8_hvt
No property ad found for device sky130_fd_pr__special_pfet_01v8_hvt
No property ps found for device sky130_fd_pr__special_pfet_01v8_hvt
No property pd found for device sky130_fd_pr__special_pfet_01v8_hvt
No property mult found for device sky130_fd_pr__special_pfet_01v8_hvt
No property sa found for device sky130_fd_pr__special_pfet_01v8_hvt
No property sb found for device sky130_fd_pr__special_pfet_01v8_hvt
No property sd found for device sky130_fd_pr__special_pfet_01v8_hvt
No property nf found for device sky130_fd_pr__special_pfet_01v8_hvt
No property nrd found for device sky130_fd_pr__special_pfet_01v8_hvt
No property nrs found for device sky130_fd_pr__special_pfet_01v8_hvt
No property area found for device sky130_fd_pr__special_pfet_01v8_hvt
No property perim found for device sky130_fd_pr__special_pfet_01v8_hvt
No property topography found for device sky130_fd_pr__special_pfet_01v8_hvt
No property value found for device sky130_fd_pr__diode_pw2nd_05v5
No property mult found for device sky130_fd_pr__diode_pw2nd_05v5
Comparison output logged to file /Users/administrator/frigate-os/openlane/vccd1_tie_high/runs/pnr/68-netgen-lvs/reports/lvs.netgen.rpt
Logging to file "/Users/administrator/frigate-os/openlane/vccd1_tie_high/runs/pnr/68-netgen-lvs/reports/lvs.netgen.rpt" enabled

Contents of circuit 1:  Circuit: 'sky130_fd_sc_hd__diode_2'
Circuit sky130_fd_sc_hd__diode_2 contains 0 device instances.
Circuit contains 0 nets, and 5 disconnected pins.
Contents of circuit 2:  Circuit: 'sky130_fd_sc_hd__diode_2'
Circuit sky130_fd_sc_hd__diode_2 contains 1 device instances.
  Class: sky130_fd_pr__diode_pw2nd_05v5 instances:   1
Circuit contains 2 nets, and 3 disconnected pins.

Circuit sky130_fd_sc_hd__diode_2 contains no devices.

Contents of circuit 1:  Circuit: 'sky130_fd_sc_hd__fill_1'
Circuit sky130_fd_sc_hd__fill_1 contains 0 device instances.
Circuit contains 0 nets, and 4 disconnected pins.
Contents of circuit 2:  Circuit: 'sky130_fd_sc_hd__fill_1'
Circuit sky130_fd_sc_hd__fill_1 contains 0 device instances.
Circuit contains 0 nets, and 4 disconnected pins.

Circuit sky130_fd_sc_hd__fill_1 contains no devices.

Contents of circuit 1:  Circuit: 'sky130_fd_sc_hd__decap_3'
Circuit sky130_fd_sc_hd__decap_3 contains 0 device instances.
Circuit contains 0 nets, and 4 disconnected pins.
Contents of circuit 2:  Circuit: 'sky130_fd_sc_hd__decap_3'
Circuit sky130_fd_sc_hd__decap_3 contains 2 device instances.
  Class: sky130_fd_pr__nfet_01v8 instances:   1
  Class: sky130_fd_pr__pfet_01v8_hvt instances:   1
Circuit contains 4 nets.

Circuit sky130_fd_sc_hd__decap_3 contains no devices.

Contents of circuit 1:  Circuit: 'sky130_fd_sc_hd__tapvpwrvgnd_1'
Circuit sky130_fd_sc_hd__tapvpwrvgnd_1 contains 0 device instances.
Circuit contains 0 nets, and 2 disconnected pins.
Contents of circuit 2:  Circuit: 'sky130_fd_sc_hd__tapvpwrvgnd_1'
Circuit sky130_fd_sc_hd__tapvpwrvgnd_1 contains 0 device instances.
Circuit contains 0 nets, and 2 disconnected pins.

Circuit sky130_fd_sc_hd__tapvpwrvgnd_1 contains no devices.

Contents of circuit 1:  Circuit: 'sky130_fd_sc_hd__fill_2'
Circuit sky130_fd_sc_hd__fill_2 contains 0 device instances.
Circuit contains 0 nets, and 4 disconnected pins.
Contents of circuit 2:  Circuit: 'sky130_fd_sc_hd__fill_2'
Circuit sky130_fd_sc_hd__fill_2 contains 0 device instances.
Circuit contains 0 nets, and 4 disconnected pins.

Circuit sky130_fd_sc_hd__fill_2 contains no devices.

Contents of circuit 1:  Circuit: 'sky130_fd_sc_hd__conb_1'
Circuit sky130_fd_sc_hd__conb_1 contains 0 device instances.
Circuit contains 0 nets, and 6 disconnected pins.
Contents of circuit 2:  Circuit: 'sky130_fd_sc_hd__conb_1'
Circuit sky130_fd_sc_hd__conb_1 contains 2 device instances.
  Class: sky130_fd_pr__res_generic_po instances:   2
Circuit contains 4 nets, and 2 disconnected pins.

Circuit sky130_fd_sc_hd__conb_1 contains no devices.

Contents of circuit 1:  Circuit: 'vccd1_tie_high'
Circuit vccd1_tie_high contains 298 device instances.
  Class: sky130_fd_sc_hd__conb_1 instances:  91
  Class: sky130_fd_sc_hd__decap_3 instances:  26
  Class: sky130_fd_sc_hd__diode_2 instances:  91
  Class: sky130_fd_sc_hd__tapvpwrvgnd_1 instances:  17
  Class: sky130_fd_sc_hd__fill_1 instances:  60
  Class: sky130_fd_sc_hd__fill_2 instances:  13
Circuit contains 184 nets.
Contents of circuit 2:  Circuit: 'vccd1_tie_high'
Circuit vccd1_tie_high contains 298 device instances.
  Class: sky130_fd_sc_hd__conb_1 instances:  91
  Class: sky130_fd_sc_hd__decap_3 instances:  26
  Class: sky130_fd_sc_hd__diode_2 instances:  91
  Class: sky130_fd_sc_hd__tapvpwrvgnd_1 instances:  17
  Class: sky130_fd_sc_hd__fill_1 instances:  60
  Class: sky130_fd_sc_hd__fill_2 instances:  13
Circuit contains 184 nets.

Circuit was modified by parallel/series device merging.
New circuit summary:

Contents of circuit 1:  Circuit: 'vccd1_tie_high'
Circuit vccd1_tie_high contains 186 device instances.
  Class: sky130_fd_sc_hd__conb_1 instances:  91
  Class: sky130_fd_sc_hd__decap_3 instances:   1
  Class: sky130_fd_sc_hd__diode_2 instances:  91
  Class: sky130_fd_sc_hd__tapvpwrvgnd_1 instances:   1
  Class: sky130_fd_sc_hd__fill_1 instances:   1
  Class: sky130_fd_sc_hd__fill_2 instances:   1
Circuit contains 184 nets.
Contents of circuit 2:  Circuit: 'vccd1_tie_high'
Circuit vccd1_tie_high contains 186 device instances.
  Class: sky130_fd_sc_hd__conb_1 instances:  91
  Class: sky130_fd_sc_hd__decap_3 instances:   1
  Class: sky130_fd_sc_hd__diode_2 instances:  91
  Class: sky130_fd_sc_hd__tapvpwrvgnd_1 instances:   1
  Class: sky130_fd_sc_hd__fill_1 instances:   1
  Class: sky130_fd_sc_hd__fill_2 instances:   1
Circuit contains 184 nets.

Circuit 1 contains 186 devices, Circuit 2 contains 186 devices.
Circuit 1 contains 184 nets,    Circuit 2 contains 184 nets.


Final result: 
Circuits match uniquely.
.
Logging to file "/Users/administrator/frigate-os/openlane/vccd1_tie_high/runs/pnr/68-netgen-lvs/reports/lvs.netgen.rpt" disabled
LVS Done.
